<?xml version="1.0" encoding="UTF-8"?>
<!-- Generated by org.testng.reporters.JUnitXMLReporter -->
<testsuite ignored="0" hostname="DESKTOP-A43DILH" failures="0" tests="3" name="Default test" time="0.019" errors="0" timestamp="29 Oct 2021 14:01:49 GMT">
  <testcase classname="com.TestNg.SimpleAnnotation" name="amazon" time="0.004"/>
  <testcase classname="com.TestNg.SimpleAnnotation" name="eBay" time="0.001"/>
  <testcase classname="com.TestNg.SimpleAnnotation" name="filpkart" time="0.0"/>
</testsuite> <!-- Default test -->
