<?xml version="1.0" encoding="UTF-8"?>
<!-- Generated by org.testng.reporters.JUnitXMLReporter -->
<testsuite ignored="0" hostname="DESKTOP-A43DILH" failures="0" tests="3" name="Test" time="0.021" errors="0" timestamp="02 Nov 2021 14:09:29 GMT">
  <testcase classname="com.TestNg.SimpleAnnotation" name="amazon" time="0.003"/>
  <testcase classname="com.TestNg.SimpleAnnotation" name="eBay" time="0.001"/>
  <testcase classname="com.TestNg.SimpleAnnotation" name="filpkart" time="0.001"/>
</testsuite> <!-- Test -->
