<?xml version="1.0" encoding="UTF-8"?>
<testng-results ignored="0" total="3" passed="3" failed="0" skipped="0">
  <reporter-output>
  </reporter-output>
  <suite started-at="2021-11-02T14:09:29Z" name="Suite" finished-at="2021-11-02T14:09:29Z" duration-ms="21">
    <groups>
    </groups>
    <test started-at="2021-11-02T14:09:29Z" name="Test" finished-at="2021-11-02T14:09:29Z" duration-ms="21">
      <class name="com.TestNg.SimpleAnnotation">
        <test-method is-config="true" signature="setproperty()[pri:0, instance:com.TestNg.SimpleAnnotation@273e7444]" started-at="2021-11-02T19:39:29Z" name="setproperty" finished-at="2021-11-02T19:39:29Z" duration-ms="6" status="PASS">
          <reporter-output>
          </reporter-output>
        </test-method> <!-- setproperty -->
        <test-method is-config="true" signature="browser()[pri:0, instance:com.TestNg.SimpleAnnotation@273e7444]" started-at="2021-11-02T19:39:29Z" name="browser" finished-at="2021-11-02T19:39:29Z" duration-ms="0" status="PASS">
          <reporter-output>
          </reporter-output>
        </test-method> <!-- browser -->
        <test-method is-config="true" signature="url()[pri:0, instance:com.TestNg.SimpleAnnotation@273e7444]" started-at="2021-11-02T19:39:29Z" name="url" finished-at="2021-11-02T19:39:29Z" duration-ms="1" status="PASS">
          <reporter-output>
          </reporter-output>
        </test-method> <!-- url -->
        <test-method signature="amazon()[pri:0, instance:com.TestNg.SimpleAnnotation@273e7444]" started-at="2021-11-02T19:39:29Z" name="amazon" finished-at="2021-11-02T19:39:29Z" duration-ms="3" status="PASS">
          <reporter-output>
          </reporter-output>
        </test-method> <!-- amazon -->
        <test-method is-config="true" signature="login()[pri:0, instance:com.TestNg.SimpleAnnotation@273e7444]" started-at="2021-11-02T19:39:29Z" name="login" finished-at="2021-11-02T19:39:29Z" duration-ms="0" status="PASS">
          <reporter-output>
          </reporter-output>
        </test-method> <!-- login -->
        <test-method is-config="true" signature="logout()[pri:0, instance:com.TestNg.SimpleAnnotation@273e7444]" started-at="2021-11-02T19:39:29Z" name="logout" finished-at="2021-11-02T19:39:29Z" duration-ms="0" status="PASS">
          <reporter-output>
          </reporter-output>
        </test-method> <!-- logout -->
        <test-method is-config="true" signature="login()[pri:0, instance:com.TestNg.SimpleAnnotation@273e7444]" started-at="2021-11-02T19:39:29Z" name="login" finished-at="2021-11-02T19:39:29Z" duration-ms="0" status="PASS">
          <reporter-output>
          </reporter-output>
        </test-method> <!-- login -->
        <test-method signature="eBay()[pri:0, instance:com.TestNg.SimpleAnnotation@273e7444]" started-at="2021-11-02T19:39:29Z" name="eBay" finished-at="2021-11-02T19:39:29Z" duration-ms="1" status="PASS">
          <reporter-output>
          </reporter-output>
        </test-method> <!-- eBay -->
        <test-method is-config="true" signature="logout()[pri:0, instance:com.TestNg.SimpleAnnotation@273e7444]" started-at="2021-11-02T19:39:29Z" name="logout" finished-at="2021-11-02T19:39:29Z" duration-ms="0" status="PASS">
          <reporter-output>
          </reporter-output>
        </test-method> <!-- logout -->
        <test-method is-config="true" signature="login()[pri:0, instance:com.TestNg.SimpleAnnotation@273e7444]" started-at="2021-11-02T19:39:29Z" name="login" finished-at="2021-11-02T19:39:29Z" duration-ms="0" status="PASS">
          <reporter-output>
          </reporter-output>
        </test-method> <!-- login -->
        <test-method signature="filpkart()[pri:0, instance:com.TestNg.SimpleAnnotation@273e7444]" started-at="2021-11-02T19:39:29Z" name="filpkart" finished-at="2021-11-02T19:39:29Z" duration-ms="1" status="PASS">
          <reporter-output>
          </reporter-output>
        </test-method> <!-- filpkart -->
        <test-method is-config="true" signature="logout()[pri:0, instance:com.TestNg.SimpleAnnotation@273e7444]" started-at="2021-11-02T19:39:29Z" name="logout" finished-at="2021-11-02T19:39:29Z" duration-ms="1" status="PASS">
          <reporter-output>
          </reporter-output>
        </test-method> <!-- logout -->
        <test-method is-config="true" signature="homepage()[pri:0, instance:com.TestNg.SimpleAnnotation@273e7444]" started-at="2021-11-02T19:39:29Z" name="homepage" finished-at="2021-11-02T19:39:29Z" duration-ms="0" status="PASS">
          <reporter-output>
          </reporter-output>
        </test-method> <!-- homepage -->
        <test-method is-config="true" signature="closebrowser()[pri:0, instance:com.TestNg.SimpleAnnotation@273e7444]" started-at="2021-11-02T19:39:29Z" name="closebrowser" finished-at="2021-11-02T19:39:29Z" duration-ms="0" status="PASS">
          <reporter-output>
          </reporter-output>
        </test-method> <!-- closebrowser -->
        <test-method is-config="true" signature="deleteallcookies()[pri:0, instance:com.TestNg.SimpleAnnotation@273e7444]" started-at="2021-11-02T19:39:29Z" name="deleteallcookies" finished-at="2021-11-02T19:39:29Z" duration-ms="0" status="PASS">
          <reporter-output>
          </reporter-output>
        </test-method> <!-- deleteallcookies -->
      </class> <!-- com.TestNg.SimpleAnnotation -->
    </test> <!-- Test -->
  </suite> <!-- Suite -->
</testng-results>
